<?xml version="1.0" encoding="UTF-8"?>
<!-- Generated by org.testng.reporters.JUnitReportReporter -->
<testsuite skipped="0" hostname="LAPTOP-TDDV87RG" name="org.testing.testScript.TC1_Post_Resquest" tests="1" failures="0" timestamp="2023-08-26T12:32:09 IST" time="2.117" errors="0">
  <testcase name="postReq" time="2.117" classname="org.testing.testScript.TC1_Post_Resquest"/>
  <system-out/>
</testsuite> <!-- org.testing.testScript.TC1_Post_Resquest -->
